[2024-03-15 00:00:02] local.INFO: Under Process Order Cron Excecuted started  
[2024-03-15 00:00:02] local.INFO: Under Process Order Cron Excecuted Ended  
[2024-03-15 00:10:02] local.INFO: Under Process Order Cron Excecuted started  
[2024-03-15 00:10:02] local.INFO: Under Process Order Cron Excecuted Ended  
[2024-03-15 00:20:02] local.INFO: Under Process Order Cron Excecuted started  
[2024-03-15 00:20:02] local.INFO: Under Process Order Cron Excecuted Ended  
[2024-03-15 00:30:02] local.INFO: Under Process Order Cron Excecuted started  
[2024-03-15 00:30:02] local.INFO: Under Process Order Cron Excecuted Ended  
[2024-03-15 00:40:02] local.INFO: Under Process Order Cron Excecuted started  
[2024-03-15 00:40:02] local.INFO: Under Process Order Cron Excecuted Ended  
[2024-03-15 00:50:02] local.INFO: Under Process Order Cron Excecuted started  
[2024-03-15 00:50:02] local.INFO: Under Process Order Cron Excecuted Ended  
[2024-03-15 01:00:02] local.INFO: Under Process Order Cron Excecuted started  
[2024-03-15 01:00:02] local.INFO: Under Process Order Cron Excecuted Ended  
[2024-03-15 01:10:02] local.INFO: Under Process Order Cron Excecuted started  
[2024-03-15 01:10:02] local.INFO: Under Process Order Cron Excecuted Ended  
[2024-03-15 01:20:02] local.INFO: Under Process Order Cron Excecuted started  
[2024-03-15 01:20:02] local.INFO: Under Process Order Cron Excecuted Ended  
[2024-03-15 01:30:02] local.INFO: Under Process Order Cron Excecuted started  
[2024-03-15 01:30:02] local.INFO: Under Process Order Cron Excecuted Ended  
[2024-03-15 01:40:01] local.INFO: Under Process Order Cron Excecuted started  
[2024-03-15 01:40:01] local.INFO: Under Process Order Cron Excecuted Ended  
[2024-03-15 01:50:01] local.INFO: Under Process Order Cron Excecuted started  
[2024-03-15 01:50:01] local.INFO: Under Process Order Cron Excecuted Ended  
[2024-03-15 02:00:01] local.INFO: Under Process Order Cron Excecuted started  
[2024-03-15 02:00:01] local.INFO: Under Process Order Cron Excecuted Ended  
[2024-03-15 02:10:01] local.INFO: Under Process Order Cron Excecuted started  
[2024-03-15 02:10:01] local.INFO: Under Process Order Cron Excecuted Ended  
[2024-03-15 02:20:02] local.INFO: Under Process Order Cron Excecuted started  
[2024-03-15 02:20:02] local.INFO: Under Process Order Cron Excecuted Ended  
[2024-03-15 02:30:02] local.INFO: Under Process Order Cron Excecuted started  
[2024-03-15 02:30:02] local.INFO: Under Process Order Cron Excecuted Ended  
[2024-03-15 02:40:01] local.INFO: Under Process Order Cron Excecuted started  
[2024-03-15 02:40:01] local.INFO: Under Process Order Cron Excecuted Ended  
[2024-03-15 02:50:01] local.INFO: Under Process Order Cron Excecuted started  
[2024-03-15 02:50:01] local.INFO: Under Process Order Cron Excecuted Ended  
[2024-03-15 03:00:01] local.INFO: Under Process Order Cron Excecuted started  
[2024-03-15 03:00:01] local.INFO: Under Process Order Cron Excecuted Ended  
[2024-03-15 03:10:01] local.INFO: Under Process Order Cron Excecuted started  
[2024-03-15 03:10:01] local.INFO: Under Process Order Cron Excecuted Ended  
[2024-03-15 03:20:02] local.INFO: Under Process Order Cron Excecuted started  
[2024-03-15 03:20:02] local.INFO: Under Process Order Cron Excecuted Ended  
[2024-03-15 03:30:02] local.INFO: Under Process Order Cron Excecuted started  
[2024-03-15 03:30:02] local.INFO: Under Process Order Cron Excecuted Ended  
[2024-03-15 03:40:01] local.INFO: Under Process Order Cron Excecuted started  
[2024-03-15 03:40:01] local.INFO: Under Process Order Cron Excecuted Ended  
[2024-03-15 03:50:02] local.INFO: Under Process Order Cron Excecuted started  
[2024-03-15 03:50:02] local.INFO: Under Process Order Cron Excecuted Ended  
[2024-03-15 04:00:02] local.INFO: Under Process Order Cron Excecuted started  
[2024-03-15 04:00:02] local.INFO: Under Process Order Cron Excecuted Ended  
[2024-03-15 04:10:01] local.INFO: Under Process Order Cron Excecuted started  
[2024-03-15 04:10:01] local.INFO: Under Process Order Cron Excecuted Ended  
[2024-03-15 04:20:02] local.INFO: Under Process Order Cron Excecuted started  
[2024-03-15 04:20:02] local.INFO: Under Process Order Cron Excecuted Ended  
[2024-03-15 04:30:02] local.INFO: Under Process Order Cron Excecuted started  
[2024-03-15 04:30:02] local.INFO: Under Process Order Cron Excecuted Ended  
[2024-03-15 04:40:02] local.INFO: Under Process Order Cron Excecuted started  
[2024-03-15 04:40:02] local.INFO: Under Process Order Cron Excecuted Ended  
[2024-03-15 04:50:01] local.INFO: Under Process Order Cron Excecuted started  
[2024-03-15 04:50:01] local.INFO: Under Process Order Cron Excecuted Ended  
[2024-03-15 05:00:02] local.INFO: Under Process Order Cron Excecuted started  
[2024-03-15 05:00:02] local.INFO: Under Process Order Cron Excecuted Ended  
[2024-03-15 05:10:01] local.INFO: Under Process Order Cron Excecuted started  
[2024-03-15 05:10:01] local.INFO: Under Process Order Cron Excecuted Ended  
[2024-03-15 05:20:02] local.INFO: Under Process Order Cron Excecuted started  
[2024-03-15 05:20:02] local.INFO: Under Process Order Cron Excecuted Ended  
[2024-03-15 05:30:03] local.INFO: Under Process Order Cron Excecuted started  
[2024-03-15 05:30:03] local.INFO: Under Process Order Cron Excecuted Ended  
[2024-03-15 05:40:01] local.INFO: Under Process Order Cron Excecuted started  
[2024-03-15 05:40:01] local.INFO: Under Process Order Cron Excecuted Ended  
[2024-03-15 05:50:02] local.INFO: Under Process Order Cron Excecuted started  
[2024-03-15 05:50:02] local.INFO: Under Process Order Cron Excecuted Ended  
[2024-03-15 06:00:01] local.INFO: Under Process Order Cron Excecuted started  
[2024-03-15 06:00:01] local.INFO: Under Process Order Cron Excecuted Ended  
[2024-03-15 06:10:02] local.INFO: Under Process Order Cron Excecuted started  
[2024-03-15 06:10:02] local.INFO: Under Process Order Cron Excecuted Ended  
[2024-03-15 06:20:02] local.INFO: Under Process Order Cron Excecuted started  
[2024-03-15 06:20:02] local.INFO: Under Process Order Cron Excecuted Ended  
[2024-03-15 06:30:02] local.INFO: Under Process Order Cron Excecuted started  
[2024-03-15 06:30:02] local.INFO: Under Process Order Cron Excecuted Ended  
[2024-03-15 06:40:02] local.INFO: Under Process Order Cron Excecuted started  
[2024-03-15 06:40:02] local.INFO: Under Process Order Cron Excecuted Ended  
[2024-03-15 06:50:02] local.INFO: Under Process Order Cron Excecuted started  
[2024-03-15 06:50:02] local.INFO: Under Process Order Cron Excecuted Ended  
[2024-03-15 07:00:02] local.INFO: Under Process Order Cron Excecuted started  
[2024-03-15 07:00:02] local.INFO: Under Process Order Cron Excecuted Ended  
[2024-03-15 07:10:02] local.INFO: Under Process Order Cron Excecuted started  
[2024-03-15 07:10:02] local.INFO: Under Process Order Cron Excecuted Ended  
[2024-03-15 07:20:02] local.INFO: Under Process Order Cron Excecuted started  
[2024-03-15 07:20:02] local.INFO: Under Process Order Cron Excecuted Ended  
[2024-03-15 07:30:01] local.INFO: Under Process Order Cron Excecuted started  
[2024-03-15 07:30:01] local.INFO: Under Process Order Cron Excecuted Ended  
[2024-03-15 07:40:01] local.INFO: Under Process Order Cron Excecuted started  
[2024-03-15 07:40:01] local.INFO: Under Process Order Cron Excecuted Ended  
[2024-03-15 07:50:02] local.INFO: Under Process Order Cron Excecuted started  
[2024-03-15 07:50:02] local.INFO: Under Process Order Cron Excecuted Ended  
[2024-03-15 08:00:01] local.INFO: Under Process Order Cron Excecuted started  
[2024-03-15 08:00:01] local.INFO: Under Process Order Cron Excecuted Ended  
[2024-03-15 08:10:01] local.INFO: Under Process Order Cron Excecuted started  
[2024-03-15 08:10:01] local.INFO: Under Process Order Cron Excecuted Ended  
[2024-03-15 08:20:02] local.INFO: Under Process Order Cron Excecuted started  
[2024-03-15 08:20:02] local.INFO: Under Process Order Cron Excecuted Ended  
[2024-03-15 08:30:02] local.INFO: Under Process Order Cron Excecuted started  
[2024-03-15 08:30:02] local.INFO: Under Process Order Cron Excecuted Ended  
[2024-03-15 08:40:02] local.INFO: Under Process Order Cron Excecuted started  
[2024-03-15 08:40:02] local.INFO: Under Process Order Cron Excecuted Ended  
[2024-03-15 08:48:15] local.INFO: Notification result410-->{"multicast_id":6592368092179756363,"success":1,"failure":0,"canonical_ids":0,"results":[{"message_id":"0:1710472695523302%7600d8cd7600d8cd"}]}  
[2024-03-15 08:50:02] local.INFO: Under Process Order Cron Excecuted started  
[2024-03-15 08:50:02] local.INFO: Under Process Order Cron Excecuted Ended  
[2024-03-15 09:00:02] local.INFO: Under Process Order Cron Excecuted started  
[2024-03-15 09:00:02] local.INFO: Under Process Order Cron Excecuted Ended  
[2024-03-15 09:10:02] local.INFO: Under Process Order Cron Excecuted started  
[2024-03-15 09:10:02] local.INFO: Under Process Order Cron Excecuted Ended  
[2024-03-15 09:20:02] local.INFO: Under Process Order Cron Excecuted started  
[2024-03-15 09:20:02] local.INFO: Under Process Order Cron Excecuted Ended  
[2024-03-15 09:30:01] local.INFO: Under Process Order Cron Excecuted started  
[2024-03-15 09:30:01] local.INFO: Under Process Order Cron Excecuted Ended  
[2024-03-15 09:40:01] local.INFO: Under Process Order Cron Excecuted started  
[2024-03-15 09:40:01] local.INFO: Under Process Order Cron Excecuted Ended  
[2024-03-15 09:50:01] local.INFO: Under Process Order Cron Excecuted started  
[2024-03-15 09:50:01] local.INFO: Under Process Order Cron Excecuted Ended  
[2024-03-15 10:00:01] local.INFO: Under Process Order Cron Excecuted started  
[2024-03-15 10:00:01] local.INFO: Under Process Order Cron Excecuted Ended  
[2024-03-15 10:10:02] local.INFO: Under Process Order Cron Excecuted started  
[2024-03-15 10:10:02] local.INFO: Under Process Order Cron Excecuted Ended  
[2024-03-15 10:11:45] local.ERROR: The resource owner or authorization server denied the request. {"exception":"[object] (League\\OAuth2\\Server\\Exception\\OAuthServerException(code: 9): The resource owner or authorization server denied the request. at /home/1199381.cloudwaysapps.com/hzmfqvzptm/public_html/vendor/league/oauth2-server/src/Exception/OAuthServerException.php:243)
[stacktrace]
#0 /home/1199381.cloudwaysapps.com/hzmfqvzptm/public_html/vendor/league/oauth2-server/src/AuthorizationValidators/BearerTokenValidator.php(111): League\\OAuth2\\Server\\Exception\\OAuthServerException::accessDenied()
#1 /home/1199381.cloudwaysapps.com/hzmfqvzptm/public_html/vendor/league/oauth2-server/src/ResourceServer.php(84): League\\OAuth2\\Server\\AuthorizationValidators\\BearerTokenValidator->validateAuthorization()
#2 /home/1199381.cloudwaysapps.com/hzmfqvzptm/public_html/vendor/laravel/passport/src/Guards/TokenGuard.php(204): League\\OAuth2\\Server\\ResourceServer->validateAuthenticatedRequest()
#3 /home/1199381.cloudwaysapps.com/hzmfqvzptm/public_html/vendor/laravel/passport/src/Guards/TokenGuard.php(147): Laravel\\Passport\\Guards\\TokenGuard->getPsrRequestViaBearerToken()
#4 /home/1199381.cloudwaysapps.com/hzmfqvzptm/public_html/vendor/laravel/passport/src/Guards/TokenGuard.php(110): Laravel\\Passport\\Guards\\TokenGuard->authenticateViaBearerToken()
#5 /home/1199381.cloudwaysapps.com/hzmfqvzptm/public_html/vendor/laravel/passport/src/PassportServiceProvider.php(309): Laravel\\Passport\\Guards\\TokenGuard->user()
#6 [internal function]: Laravel\\Passport\\PassportServiceProvider->Laravel\\Passport\\{closure}()
#7 /home/1199381.cloudwaysapps.com/hzmfqvzptm/public_html/vendor/laravel/framework/src/Illuminate/Auth/RequestGuard.php(58): call_user_func()
#8 /home/1199381.cloudwaysapps.com/hzmfqvzptm/public_html/app/Models/Helpers/CommonHelper.php(1602): Illuminate\\Auth\\RequestGuard->user()
#9 /home/1199381.cloudwaysapps.com/hzmfqvzptm/public_html/app/Http/Controllers/Api/Customer/NestedCategoryController.php(128): App\\Http\\Controllers\\Api\\Customer\\NestedCategoryController->isProductExist()
#10 /home/1199381.cloudwaysapps.com/hzmfqvzptm/public_html/vendor/laravel/framework/src/Illuminate/Routing/Controller.php(54): App\\Http\\Controllers\\Api\\Customer\\NestedCategoryController->nested_categories()
#11 /home/1199381.cloudwaysapps.com/hzmfqvzptm/public_html/vendor/laravel/framework/src/Illuminate/Routing/ControllerDispatcher.php(45): Illuminate\\Routing\\Controller->callAction()
#12 /home/1199381.cloudwaysapps.com/hzmfqvzptm/public_html/vendor/laravel/framework/src/Illuminate/Routing/Route.php(262): Illuminate\\Routing\\ControllerDispatcher->dispatch()
#13 /home/1199381.cloudwaysapps.com/hzmfqvzptm/public_html/vendor/laravel/framework/src/Illuminate/Routing/Route.php(205): Illuminate\\Routing\\Route->runController()
#14 /home/1199381.cloudwaysapps.com/hzmfqvzptm/public_html/vendor/laravel/framework/src/Illuminate/Routing/Router.php(721): Illuminate\\Routing\\Route->run()
#15 /home/1199381.cloudwaysapps.com/hzmfqvzptm/public_html/vendor/laravel/framework/src/Illuminate/Pipeline/Pipeline.php(128): Illuminate\\Routing\\Router->Illuminate\\Routing\\{closure}()
#16 /home/1199381.cloudwaysapps.com/hzmfqvzptm/public_html/vendor/fruitcake/laravel-cors/src/HandleCors.php(52): Illuminate\\Pipeline\\Pipeline->Illuminate\\Pipeline\\{closure}()
#17 /home/1199381.cloudwaysapps.com/hzmfqvzptm/public_html/vendor/laravel/framework/src/Illuminate/Pipeline/Pipeline.php(167): Fruitcake\\Cors\\HandleCors->handle()
#18 /home/1199381.cloudwaysapps.com/hzmfqvzptm/public_html/vendor/laravel/framework/src/Illuminate/Routing/Middleware/SubstituteBindings.php(50): Illuminate\\Pipeline\\Pipeline->Illuminate\\Pipeline\\{closure}()
#19 /home/1199381.cloudwaysapps.com/hzmfqvzptm/public_html/vendor/laravel/framework/src/Illuminate/Pipeline/Pipeline.php(167): Illuminate\\Routing\\Middleware\\SubstituteBindings->handle()
#20 /home/1199381.cloudwaysapps.com/hzmfqvzptm/public_html/vendor/laravel/framework/src/Illuminate/Routing/Middleware/ThrottleRequests.php(127): Illuminate\\Pipeline\\Pipeline->Illuminate\\Pipeline\\{closure}()
#21 /home/1199381.cloudwaysapps.com/hzmfqvzptm/public_html/vendor/laravel/framework/src/Illuminate/Routing/Middleware/ThrottleRequests.php(103): Illuminate\\Routing\\Middleware\\ThrottleRequests->handleRequest()
#22 /home/1199381.cloudwaysapps.com/hzmfqvzptm/public_html/vendor/laravel/framework/src/Illuminate/Routing/Middleware/ThrottleRequests.php(55): Illuminate\\Routing\\Middleware\\ThrottleRequests->handleRequestUsingNamedLimiter()
#23 /home/1199381.cloudwaysapps.com/hzmfqvzptm/public_html/vendor/laravel/framework/src/Illuminate/Pipeline/Pipeline.php(167): Illuminate\\Routing\\Middleware\\ThrottleRequests->handle()
#24 /home/1199381.cloudwaysapps.com/hzmfqvzptm/public_html/vendor/laravel/framework/src/Illuminate/Pipeline/Pipeline.php(103): Illuminate\\Pipeline\\Pipeline->Illuminate\\Pipeline\\{closure}()
#25 /home/1199381.cloudwaysapps.com/hzmfqvzptm/public_html/vendor/laravel/framework/src/Illuminate/Routing/Router.php(723): Illuminate\\Pipeline\\Pipeline->then()
#26 /home/1199381.cloudwaysapps.com/hzmfqvzptm/public_html/vendor/laravel/framework/src/Illuminate/Routing/Router.php(698): Illuminate\\Routing\\Router->runRouteWithinStack()
#27 /home/1199381.cloudwaysapps.com/hzmfqvzptm/public_html/vendor/laravel/framework/src/Illuminate/Routing/Router.php(662): Illuminate\\Routing\\Router->runRoute()
#28 /home/1199381.cloudwaysapps.com/hzmfqvzptm/public_html/vendor/laravel/framework/src/Illuminate/Routing/Router.php(651): Illuminate\\Routing\\Router->dispatchToRoute()
#29 /home/1199381.cloudwaysapps.com/hzmfqvzptm/public_html/vendor/laravel/framework/src/Illuminate/Foundation/Http/Kernel.php(167): Illuminate\\Routing\\Router->dispatch()
#30 /home/1199381.cloudwaysapps.com/hzmfqvzptm/public_html/vendor/laravel/framework/src/Illuminate/Pipeline/Pipeline.php(128): Illuminate\\Foundation\\Http\\Kernel->Illuminate\\Foundation\\Http\\{closure}()
#31 /home/1199381.cloudwaysapps.com/hzmfqvzptm/public_html/vendor/laravel/framework/src/Illuminate/Foundation/Http/Middleware/TransformsRequest.php(21): Illuminate\\Pipeline\\Pipeline->Illuminate\\Pipeline\\{closure}()
#32 /home/1199381.cloudwaysapps.com/hzmfqvzptm/public_html/vendor/laravel/framework/src/Illuminate/Foundation/Http/Middleware/ConvertEmptyStringsToNull.php(31): Illuminate\\Foundation\\Http\\Middleware\\TransformsRequest->handle()
#33 /home/1199381.cloudwaysapps.com/hzmfqvzptm/public_html/vendor/laravel/framework/src/Illuminate/Pipeline/Pipeline.php(167): Illuminate\\Foundation\\Http\\Middleware\\ConvertEmptyStringsToNull->handle()
#34 /home/1199381.cloudwaysapps.com/hzmfqvzptm/public_html/vendor/laravel/framework/src/Illuminate/Foundation/Http/Middleware/TransformsRequest.php(21): Illuminate\\Pipeline\\Pipeline->Illuminate\\Pipeline\\{closure}()
#35 /home/1199381.cloudwaysapps.com/hzmfqvzptm/public_html/vendor/laravel/framework/src/Illuminate/Foundation/Http/Middleware/TrimStrings.php(40): Illuminate\\Foundation\\Http\\Middleware\\TransformsRequest->handle()
#36 /home/1199381.cloudwaysapps.com/hzmfqvzptm/public_html/vendor/laravel/framework/src/Illuminate/Pipeline/Pipeline.php(167): Illuminate\\Foundation\\Http\\Middleware\\TrimStrings->handle()
#37 /home/1199381.cloudwaysapps.com/hzmfqvzptm/public_html/vendor/laravel/framework/src/Illuminate/Foundation/Http/Middleware/ValidatePostSize.php(27): Illuminate\\Pipeline\\Pipeline->Illuminate\\Pipeline\\{closure}()
#38 /home/1199381.cloudwaysapps.com/hzmfqvzptm/public_html/vendor/laravel/framework/src/Illuminate/Pipeline/Pipeline.php(167): Illuminate\\Foundation\\Http\\Middleware\\ValidatePostSize->handle()
#39 /home/1199381.cloudwaysapps.com/hzmfqvzptm/public_html/vendor/laravel/framework/src/Illuminate/Foundation/Http/Middleware/PreventRequestsDuringMaintenance.php(86): Illuminate\\Pipeline\\Pipeline->Illuminate\\Pipeline\\{closure}()
#40 /home/1199381.cloudwaysapps.com/hzmfqvzptm/public_html/vendor/laravel/framework/src/Illuminate/Pipeline/Pipeline.php(167): Illuminate\\Foundation\\Http\\Middleware\\PreventRequestsDuringMaintenance->handle()
#41 /home/1199381.cloudwaysapps.com/hzmfqvzptm/public_html/vendor/fruitcake/laravel-cors/src/HandleCors.php(52): Illuminate\\Pipeline\\Pipeline->Illuminate\\Pipeline\\{closure}()
#42 /home/1199381.cloudwaysapps.com/hzmfqvzptm/public_html/vendor/laravel/framework/src/Illuminate/Pipeline/Pipeline.php(167): Fruitcake\\Cors\\HandleCors->handle()
#43 /home/1199381.cloudwaysapps.com/hzmfqvzptm/public_html/vendor/laravel/framework/src/Illuminate/Http/Middleware/TrustProxies.php(39): Illuminate\\Pipeline\\Pipeline->Illuminate\\Pipeline\\{closure}()
#44 /home/1199381.cloudwaysapps.com/hzmfqvzptm/public_html/vendor/laravel/framework/src/Illuminate/Pipeline/Pipeline.php(167): Illuminate\\Http\\Middleware\\TrustProxies->handle()
#45 /home/1199381.cloudwaysapps.com/hzmfqvzptm/public_html/vendor/laravel/framework/src/Illuminate/Pipeline/Pipeline.php(103): Illuminate\\Pipeline\\Pipeline->Illuminate\\Pipeline\\{closure}()
#46 /home/1199381.cloudwaysapps.com/hzmfqvzptm/public_html/vendor/laravel/framework/src/Illuminate/Foundation/Http/Kernel.php(142): Illuminate\\Pipeline\\Pipeline->then()
#47 /home/1199381.cloudwaysapps.com/hzmfqvzptm/public_html/vendor/laravel/framework/src/Illuminate/Foundation/Http/Kernel.php(111): Illuminate\\Foundation\\Http\\Kernel->sendRequestThroughRouter()
#48 /home/1199381.cloudwaysapps.com/hzmfqvzptm/public_html/public/index.php(52): Illuminate\\Foundation\\Http\\Kernel->handle()
#49 {main}

[previous exception] [object] (Lcobucci\\JWT\\Token\\InvalidTokenStructure(code: 0): The JWT string must have two dots at /home/1199381.cloudwaysapps.com/hzmfqvzptm/public_html/vendor/lcobucci/jwt/src/Token/InvalidTokenStructure.php:13)
[stacktrace]
#0 /home/1199381.cloudwaysapps.com/hzmfqvzptm/public_html/vendor/lcobucci/jwt/src/Parser.php(95): Lcobucci\\JWT\\Token\\InvalidTokenStructure::missingOrNotEnoughSeparators()
#1 /home/1199381.cloudwaysapps.com/hzmfqvzptm/public_html/vendor/lcobucci/jwt/src/Parser.php(58): Lcobucci\\JWT\\Parser->splitJwt()
#2 /home/1199381.cloudwaysapps.com/hzmfqvzptm/public_html/vendor/league/oauth2-server/src/AuthorizationValidators/BearerTokenValidator.php(109): Lcobucci\\JWT\\Parser->parse()
#3 /home/1199381.cloudwaysapps.com/hzmfqvzptm/public_html/vendor/league/oauth2-server/src/ResourceServer.php(84): League\\OAuth2\\Server\\AuthorizationValidators\\BearerTokenValidator->validateAuthorization()
#4 /home/1199381.cloudwaysapps.com/hzmfqvzptm/public_html/vendor/laravel/passport/src/Guards/TokenGuard.php(204): League\\OAuth2\\Server\\ResourceServer->validateAuthenticatedRequest()
#5 /home/1199381.cloudwaysapps.com/hzmfqvzptm/public_html/vendor/laravel/passport/src/Guards/TokenGuard.php(147): Laravel\\Passport\\Guards\\TokenGuard->getPsrRequestViaBearerToken()
#6 /home/1199381.cloudwaysapps.com/hzmfqvzptm/public_html/vendor/laravel/passport/src/Guards/TokenGuard.php(110): Laravel\\Passport\\Guards\\TokenGuard->authenticateViaBearerToken()
#7 /home/1199381.cloudwaysapps.com/hzmfqvzptm/public_html/vendor/laravel/passport/src/PassportServiceProvider.php(309): Laravel\\Passport\\Guards\\TokenGuard->user()
#8 [internal function]: Laravel\\Passport\\PassportServiceProvider->Laravel\\Passport\\{closure}()
#9 /home/1199381.cloudwaysapps.com/hzmfqvzptm/public_html/vendor/laravel/framework/src/Illuminate/Auth/RequestGuard.php(58): call_user_func()
#10 /home/1199381.cloudwaysapps.com/hzmfqvzptm/public_html/app/Models/Helpers/CommonHelper.php(1602): Illuminate\\Auth\\RequestGuard->user()
#11 /home/1199381.cloudwaysapps.com/hzmfqvzptm/public_html/app/Http/Controllers/Api/Customer/NestedCategoryController.php(128): App\\Http\\Controllers\\Api\\Customer\\NestedCategoryController->isProductExist()
#12 /home/1199381.cloudwaysapps.com/hzmfqvzptm/public_html/vendor/laravel/framework/src/Illuminate/Routing/Controller.php(54): App\\Http\\Controllers\\Api\\Customer\\NestedCategoryController->nested_categories()
#13 /home/1199381.cloudwaysapps.com/hzmfqvzptm/public_html/vendor/laravel/framework/src/Illuminate/Routing/ControllerDispatcher.php(45): Illuminate\\Routing\\Controller->callAction()
#14 /home/1199381.cloudwaysapps.com/hzmfqvzptm/public_html/vendor/laravel/framework/src/Illuminate/Routing/Route.php(262): Illuminate\\Routing\\ControllerDispatcher->dispatch()
#15 /home/1199381.cloudwaysapps.com/hzmfqvzptm/public_html/vendor/laravel/framework/src/Illuminate/Routing/Route.php(205): Illuminate\\Routing\\Route->runController()
#16 /home/1199381.cloudwaysapps.com/hzmfqvzptm/public_html/vendor/laravel/framework/src/Illuminate/Routing/Router.php(721): Illuminate\\Routing\\Route->run()
#17 /home/1199381.cloudwaysapps.com/hzmfqvzptm/public_html/vendor/laravel/framework/src/Illuminate/Pipeline/Pipeline.php(128): Illuminate\\Routing\\Router->Illuminate\\Routing\\{closure}()
#18 /home/1199381.cloudwaysapps.com/hzmfqvzptm/public_html/vendor/fruitcake/laravel-cors/src/HandleCors.php(52): Illuminate\\Pipeline\\Pipeline->Illuminate\\Pipeline\\{closure}()
#19 /home/1199381.cloudwaysapps.com/hzmfqvzptm/public_html/vendor/laravel/framework/src/Illuminate/Pipeline/Pipeline.php(167): Fruitcake\\Cors\\HandleCors->handle()
#20 /home/1199381.cloudwaysapps.com/hzmfqvzptm/public_html/vendor/laravel/framework/src/Illuminate/Routing/Middleware/SubstituteBindings.php(50): Illuminate\\Pipeline\\Pipeline->Illuminate\\Pipeline\\{closure}()
#21 /home/1199381.cloudwaysapps.com/hzmfqvzptm/public_html/vendor/laravel/framework/src/Illuminate/Pipeline/Pipeline.php(167): Illuminate\\Routing\\Middleware\\SubstituteBindings->handle()
#22 /home/1199381.cloudwaysapps.com/hzmfqvzptm/public_html/vendor/laravel/framework/src/Illuminate/Routing/Middleware/ThrottleRequests.php(127): Illuminate\\Pipeline\\Pipeline->Illuminate\\Pipeline\\{closure}()
#23 /home/1199381.cloudwaysapps.com/hzmfqvzptm/public_html/vendor/laravel/framework/src/Illuminate/Routing/Middleware/ThrottleRequests.php(103): Illuminate\\Routing\\Middleware\\ThrottleRequests->handleRequest()
#24 /home/1199381.cloudwaysapps.com/hzmfqvzptm/public_html/vendor/laravel/framework/src/Illuminate/Routing/Middleware/ThrottleRequests.php(55): Illuminate\\Routing\\Middleware\\ThrottleRequests->handleRequestUsingNamedLimiter()
#25 /home/1199381.cloudwaysapps.com/hzmfqvzptm/public_html/vendor/laravel/framework/src/Illuminate/Pipeline/Pipeline.php(167): Illuminate\\Routing\\Middleware\\ThrottleRequests->handle()
#26 /home/1199381.cloudwaysapps.com/hzmfqvzptm/public_html/vendor/laravel/framework/src/Illuminate/Pipeline/Pipeline.php(103): Illuminate\\Pipeline\\Pipeline->Illuminate\\Pipeline\\{closure}()
#27 /home/1199381.cloudwaysapps.com/hzmfqvzptm/public_html/vendor/laravel/framework/src/Illuminate/Routing/Router.php(723): Illuminate\\Pipeline\\Pipeline->then()
#28 /home/1199381.cloudwaysapps.com/hzmfqvzptm/public_html/vendor/laravel/framework/src/Illuminate/Routing/Router.php(698): Illuminate\\Routing\\Router->runRouteWithinStack()
#29 /home/1199381.cloudwaysapps.com/hzmfqvzptm/public_html/vendor/laravel/framework/src/Illuminate/Routing/Router.php(662): Illuminate\\Routing\\Router->runRoute()
#30 /home/1199381.cloudwaysapps.com/hzmfqvzptm/public_html/vendor/laravel/framework/src/Illuminate/Routing/Router.php(651): Illuminate\\Routing\\Router->dispatchToRoute()
#31 /home/1199381.cloudwaysapps.com/hzmfqvzptm/public_html/vendor/laravel/framework/src/Illuminate/Foundation/Http/Kernel.php(167): Illuminate\\Routing\\Router->dispatch()
#32 /home/1199381.cloudwaysapps.com/hzmfqvzptm/public_html/vendor/laravel/framework/src/Illuminate/Pipeline/Pipeline.php(128): Illuminate\\Foundation\\Http\\Kernel->Illuminate\\Foundation\\Http\\{closure}()
#33 /home/1199381.cloudwaysapps.com/hzmfqvzptm/public_html/vendor/laravel/framework/src/Illuminate/Foundation/Http/Middleware/TransformsRequest.php(21): Illuminate\\Pipeline\\Pipeline->Illuminate\\Pipeline\\{closure}()
#34 /home/1199381.cloudwaysapps.com/hzmfqvzptm/public_html/vendor/laravel/framework/src/Illuminate/Foundation/Http/Middleware/ConvertEmptyStringsToNull.php(31): Illuminate\\Foundation\\Http\\Middleware\\TransformsRequest->handle()
#35 /home/1199381.cloudwaysapps.com/hzmfqvzptm/public_html/vendor/laravel/framework/src/Illuminate/Pipeline/Pipeline.php(167): Illuminate\\Foundation\\Http\\Middleware\\ConvertEmptyStringsToNull->handle()
#36 /home/1199381.cloudwaysapps.com/hzmfqvzptm/public_html/vendor/laravel/framework/src/Illuminate/Foundation/Http/Middleware/TransformsRequest.php(21): Illuminate\\Pipeline\\Pipeline->Illuminate\\Pipeline\\{closure}()
#37 /home/1199381.cloudwaysapps.com/hzmfqvzptm/public_html/vendor/laravel/framework/src/Illuminate/Foundation/Http/Middleware/TrimStrings.php(40): Illuminate\\Foundation\\Http\\Middleware\\TransformsRequest->handle()
#38 /home/1199381.cloudwaysapps.com/hzmfqvzptm/public_html/vendor/laravel/framework/src/Illuminate/Pipeline/Pipeline.php(167): Illuminate\\Foundation\\Http\\Middleware\\TrimStrings->handle()
#39 /home/1199381.cloudwaysapps.com/hzmfqvzptm/public_html/vendor/laravel/framework/src/Illuminate/Foundation/Http/Middleware/ValidatePostSize.php(27): Illuminate\\Pipeline\\Pipeline->Illuminate\\Pipeline\\{closure}()
#40 /home/1199381.cloudwaysapps.com/hzmfqvzptm/public_html/vendor/laravel/framework/src/Illuminate/Pipeline/Pipeline.php(167): Illuminate\\Foundation\\Http\\Middleware\\ValidatePostSize->handle()
#41 /home/1199381.cloudwaysapps.com/hzmfqvzptm/public_html/vendor/laravel/framework/src/Illuminate/Foundation/Http/Middleware/PreventRequestsDuringMaintenance.php(86): Illuminate\\Pipeline\\Pipeline->Illuminate\\Pipeline\\{closure}()
#42 /home/1199381.cloudwaysapps.com/hzmfqvzptm/public_html/vendor/laravel/framework/src/Illuminate/Pipeline/Pipeline.php(167): Illuminate\\Foundation\\Http\\Middleware\\PreventRequestsDuringMaintenance->handle()
#43 /home/1199381.cloudwaysapps.com/hzmfqvzptm/public_html/vendor/fruitcake/laravel-cors/src/HandleCors.php(52): Illuminate\\Pipeline\\Pipeline->Illuminate\\Pipeline\\{closure}()
#44 /home/1199381.cloudwaysapps.com/hzmfqvzptm/public_html/vendor/laravel/framework/src/Illuminate/Pipeline/Pipeline.php(167): Fruitcake\\Cors\\HandleCors->handle()
#45 /home/1199381.cloudwaysapps.com/hzmfqvzptm/public_html/vendor/laravel/framework/src/Illuminate/Http/Middleware/TrustProxies.php(39): Illuminate\\Pipeline\\Pipeline->Illuminate\\Pipeline\\{closure}()
#46 /home/1199381.cloudwaysapps.com/hzmfqvzptm/public_html/vendor/laravel/framework/src/Illuminate/Pipeline/Pipeline.php(167): Illuminate\\Http\\Middleware\\TrustProxies->handle()
#47 /home/1199381.cloudwaysapps.com/hzmfqvzptm/public_html/vendor/laravel/framework/src/Illuminate/Pipeline/Pipeline.php(103): Illuminate\\Pipeline\\Pipeline->Illuminate\\Pipeline\\{closure}()
#48 /home/1199381.cloudwaysapps.com/hzmfqvzptm/public_html/vendor/laravel/framework/src/Illuminate/Foundation/Http/Kernel.php(142): Illuminate\\Pipeline\\Pipeline->then()
#49 /home/1199381.cloudwaysapps.com/hzmfqvzptm/public_html/vendor/laravel/framework/src/Illuminate/Foundation/Http/Kernel.php(111): Illuminate\\Foundation\\Http\\Kernel->sendRequestThroughRouter()
#50 /home/1199381.cloudwaysapps.com/hzmfqvzptm/public_html/public/index.php(52): Illuminate\\Foundation\\Http\\Kernel->handle()
#51 {main}
"} 
[2024-03-15 10:20:02] local.INFO: Under Process Order Cron Excecuted started  
[2024-03-15 10:20:02] local.INFO: Under Process Order Cron Excecuted Ended  
[2024-03-15 10:28:48] local.ERROR: The resource owner or authorization server denied the request. {"exception":"[object] (League\\OAuth2\\Server\\Exception\\OAuthServerException(code: 9): The resource owner or authorization server denied the request. at /home/1199381.cloudwaysapps.com/hzmfqvzptm/public_html/vendor/league/oauth2-server/src/Exception/OAuthServerException.php:243)
[stacktrace]
#0 /home/1199381.cloudwaysapps.com/hzmfqvzptm/public_html/vendor/league/oauth2-server/src/AuthorizationValidators/BearerTokenValidator.php(111): League\\OAuth2\\Server\\Exception\\OAuthServerException::accessDenied()
#1 /home/1199381.cloudwaysapps.com/hzmfqvzptm/public_html/vendor/league/oauth2-server/src/ResourceServer.php(84): League\\OAuth2\\Server\\AuthorizationValidators\\BearerTokenValidator->validateAuthorization()
#2 /home/1199381.cloudwaysapps.com/hzmfqvzptm/public_html/vendor/laravel/passport/src/Guards/TokenGuard.php(204): League\\OAuth2\\Server\\ResourceServer->validateAuthenticatedRequest()
#3 /home/1199381.cloudwaysapps.com/hzmfqvzptm/public_html/vendor/laravel/passport/src/Guards/TokenGuard.php(147): Laravel\\Passport\\Guards\\TokenGuard->getPsrRequestViaBearerToken()
#4 /home/1199381.cloudwaysapps.com/hzmfqvzptm/public_html/vendor/laravel/passport/src/Guards/TokenGuard.php(110): Laravel\\Passport\\Guards\\TokenGuard->authenticateViaBearerToken()
#5 /home/1199381.cloudwaysapps.com/hzmfqvzptm/public_html/vendor/laravel/passport/src/PassportServiceProvider.php(309): Laravel\\Passport\\Guards\\TokenGuard->user()
#6 [internal function]: Laravel\\Passport\\PassportServiceProvider->Laravel\\Passport\\{closure}()
#7 /home/1199381.cloudwaysapps.com/hzmfqvzptm/public_html/vendor/laravel/framework/src/Illuminate/Auth/RequestGuard.php(58): call_user_func()
#8 /home/1199381.cloudwaysapps.com/hzmfqvzptm/public_html/app/Models/Helpers/CommonHelper.php(1602): Illuminate\\Auth\\RequestGuard->user()
#9 /home/1199381.cloudwaysapps.com/hzmfqvzptm/public_html/app/Http/Controllers/Api/Customer/NestedCategoryController.php(128): App\\Http\\Controllers\\Api\\Customer\\NestedCategoryController->isProductExist()
#10 /home/1199381.cloudwaysapps.com/hzmfqvzptm/public_html/vendor/laravel/framework/src/Illuminate/Routing/Controller.php(54): App\\Http\\Controllers\\Api\\Customer\\NestedCategoryController->nested_categories()
#11 /home/1199381.cloudwaysapps.com/hzmfqvzptm/public_html/vendor/laravel/framework/src/Illuminate/Routing/ControllerDispatcher.php(45): Illuminate\\Routing\\Controller->callAction()
#12 /home/1199381.cloudwaysapps.com/hzmfqvzptm/public_html/vendor/laravel/framework/src/Illuminate/Routing/Route.php(262): Illuminate\\Routing\\ControllerDispatcher->dispatch()
#13 /home/1199381.cloudwaysapps.com/hzmfqvzptm/public_html/vendor/laravel/framework/src/Illuminate/Routing/Route.php(205): Illuminate\\Routing\\Route->runController()
#14 /home/1199381.cloudwaysapps.com/hzmfqvzptm/public_html/vendor/laravel/framework/src/Illuminate/Routing/Router.php(721): Illuminate\\Routing\\Route->run()
#15 /home/1199381.cloudwaysapps.com/hzmfqvzptm/public_html/vendor/laravel/framework/src/Illuminate/Pipeline/Pipeline.php(128): Illuminate\\Routing\\Router->Illuminate\\Routing\\{closure}()
#16 /home/1199381.cloudwaysapps.com/hzmfqvzptm/public_html/vendor/fruitcake/laravel-cors/src/HandleCors.php(52): Illuminate\\Pipeline\\Pipeline->Illuminate\\Pipeline\\{closure}()
#17 /home/1199381.cloudwaysapps.com/hzmfqvzptm/public_html/vendor/laravel/framework/src/Illuminate/Pipeline/Pipeline.php(167): Fruitcake\\Cors\\HandleCors->handle()
#18 /home/1199381.cloudwaysapps.com/hzmfqvzptm/public_html/vendor/laravel/framework/src/Illuminate/Routing/Middleware/SubstituteBindings.php(50): Illuminate\\Pipeline\\Pipeline->Illuminate\\Pipeline\\{closure}()
#19 /home/1199381.cloudwaysapps.com/hzmfqvzptm/public_html/vendor/laravel/framework/src/Illuminate/Pipeline/Pipeline.php(167): Illuminate\\Routing\\Middleware\\SubstituteBindings->handle()
#20 /home/1199381.cloudwaysapps.com/hzmfqvzptm/public_html/vendor/laravel/framework/src/Illuminate/Routing/Middleware/ThrottleRequests.php(127): Illuminate\\Pipeline\\Pipeline->Illuminate\\Pipeline\\{closure}()
#21 /home/1199381.cloudwaysapps.com/hzmfqvzptm/public_html/vendor/laravel/framework/src/Illuminate/Routing/Middleware/ThrottleRequests.php(103): Illuminate\\Routing\\Middleware\\ThrottleRequests->handleRequest()
#22 /home/1199381.cloudwaysapps.com/hzmfqvzptm/public_html/vendor/laravel/framework/src/Illuminate/Routing/Middleware/ThrottleRequests.php(55): Illuminate\\Routing\\Middleware\\ThrottleRequests->handleRequestUsingNamedLimiter()
#23 /home/1199381.cloudwaysapps.com/hzmfqvzptm/public_html/vendor/laravel/framework/src/Illuminate/Pipeline/Pipeline.php(167): Illuminate\\Routing\\Middleware\\ThrottleRequests->handle()
#24 /home/1199381.cloudwaysapps.com/hzmfqvzptm/public_html/vendor/laravel/framework/src/Illuminate/Pipeline/Pipeline.php(103): Illuminate\\Pipeline\\Pipeline->Illuminate\\Pipeline\\{closure}()
#25 /home/1199381.cloudwaysapps.com/hzmfqvzptm/public_html/vendor/laravel/framework/src/Illuminate/Routing/Router.php(723): Illuminate\\Pipeline\\Pipeline->then()
#26 /home/1199381.cloudwaysapps.com/hzmfqvzptm/public_html/vendor/laravel/framework/src/Illuminate/Routing/Router.php(698): Illuminate\\Routing\\Router->runRouteWithinStack()
#27 /home/1199381.cloudwaysapps.com/hzmfqvzptm/public_html/vendor/laravel/framework/src/Illuminate/Routing/Router.php(662): Illuminate\\Routing\\Router->runRoute()
#28 /home/1199381.cloudwaysapps.com/hzmfqvzptm/public_html/vendor/laravel/framework/src/Illuminate/Routing/Router.php(651): Illuminate\\Routing\\Router->dispatchToRoute()
#29 /home/1199381.cloudwaysapps.com/hzmfqvzptm/public_html/vendor/laravel/framework/src/Illuminate/Foundation/Http/Kernel.php(167): Illuminate\\Routing\\Router->dispatch()
#30 /home/1199381.cloudwaysapps.com/hzmfqvzptm/public_html/vendor/laravel/framework/src/Illuminate/Pipeline/Pipeline.php(128): Illuminate\\Foundation\\Http\\Kernel->Illuminate\\Foundation\\Http\\{closure}()
#31 /home/1199381.cloudwaysapps.com/hzmfqvzptm/public_html/vendor/laravel/framework/src/Illuminate/Foundation/Http/Middleware/TransformsRequest.php(21): Illuminate\\Pipeline\\Pipeline->Illuminate\\Pipeline\\{closure}()
#32 /home/1199381.cloudwaysapps.com/hzmfqvzptm/public_html/vendor/laravel/framework/src/Illuminate/Foundation/Http/Middleware/ConvertEmptyStringsToNull.php(31): Illuminate\\Foundation\\Http\\Middleware\\TransformsRequest->handle()
#33 /home/1199381.cloudwaysapps.com/hzmfqvzptm/public_html/vendor/laravel/framework/src/Illuminate/Pipeline/Pipeline.php(167): Illuminate\\Foundation\\Http\\Middleware\\ConvertEmptyStringsToNull->handle()
#34 /home/1199381.cloudwaysapps.com/hzmfqvzptm/public_html/vendor/laravel/framework/src/Illuminate/Foundation/Http/Middleware/TransformsRequest.php(21): Illuminate\\Pipeline\\Pipeline->Illuminate\\Pipeline\\{closure}()
#35 /home/1199381.cloudwaysapps.com/hzmfqvzptm/public_html/vendor/laravel/framework/src/Illuminate/Foundation/Http/Middleware/TrimStrings.php(40): Illuminate\\Foundation\\Http\\Middleware\\TransformsRequest->handle()
#36 /home/1199381.cloudwaysapps.com/hzmfqvzptm/public_html/vendor/laravel/framework/src/Illuminate/Pipeline/Pipeline.php(167): Illuminate\\Foundation\\Http\\Middleware\\TrimStrings->handle()
#37 /home/1199381.cloudwaysapps.com/hzmfqvzptm/public_html/vendor/laravel/framework/src/Illuminate/Foundation/Http/Middleware/ValidatePostSize.php(27): Illuminate\\Pipeline\\Pipeline->Illuminate\\Pipeline\\{closure}()
#38 /home/1199381.cloudwaysapps.com/hzmfqvzptm/public_html/vendor/laravel/framework/src/Illuminate/Pipeline/Pipeline.php(167): Illuminate\\Foundation\\Http\\Middleware\\ValidatePostSize->handle()
#39 /home/1199381.cloudwaysapps.com/hzmfqvzptm/public_html/vendor/laravel/framework/src/Illuminate/Foundation/Http/Middleware/PreventRequestsDuringMaintenance.php(86): Illuminate\\Pipeline\\Pipeline->Illuminate\\Pipeline\\{closure}()
#40 /home/1199381.cloudwaysapps.com/hzmfqvzptm/public_html/vendor/laravel/framework/src/Illuminate/Pipeline/Pipeline.php(167): Illuminate\\Foundation\\Http\\Middleware\\PreventRequestsDuringMaintenance->handle()
#41 /home/1199381.cloudwaysapps.com/hzmfqvzptm/public_html/vendor/fruitcake/laravel-cors/src/HandleCors.php(52): Illuminate\\Pipeline\\Pipeline->Illuminate\\Pipeline\\{closure}()
#42 /home/1199381.cloudwaysapps.com/hzmfqvzptm/public_html/vendor/laravel/framework/src/Illuminate/Pipeline/Pipeline.php(167): Fruitcake\\Cors\\HandleCors->handle()
#43 /home/1199381.cloudwaysapps.com/hzmfqvzptm/public_html/vendor/laravel/framework/src/Illuminate/Http/Middleware/TrustProxies.php(39): Illuminate\\Pipeline\\Pipeline->Illuminate\\Pipeline\\{closure}()
#44 /home/1199381.cloudwaysapps.com/hzmfqvzptm/public_html/vendor/laravel/framework/src/Illuminate/Pipeline/Pipeline.php(167): Illuminate\\Http\\Middleware\\TrustProxies->handle()
#45 /home/1199381.cloudwaysapps.com/hzmfqvzptm/public_html/vendor/laravel/framework/src/Illuminate/Pipeline/Pipeline.php(103): Illuminate\\Pipeline\\Pipeline->Illuminate\\Pipeline\\{closure}()
#46 /home/1199381.cloudwaysapps.com/hzmfqvzptm/public_html/vendor/laravel/framework/src/Illuminate/Foundation/Http/Kernel.php(142): Illuminate\\Pipeline\\Pipeline->then()
#47 /home/1199381.cloudwaysapps.com/hzmfqvzptm/public_html/vendor/laravel/framework/src/Illuminate/Foundation/Http/Kernel.php(111): Illuminate\\Foundation\\Http\\Kernel->sendRequestThroughRouter()
#48 /home/1199381.cloudwaysapps.com/hzmfqvzptm/public_html/public/index.php(52): Illuminate\\Foundation\\Http\\Kernel->handle()
#49 {main}

[previous exception] [object] (Lcobucci\\JWT\\Token\\InvalidTokenStructure(code: 0): The JWT string must have two dots at /home/1199381.cloudwaysapps.com/hzmfqvzptm/public_html/vendor/lcobucci/jwt/src/Token/InvalidTokenStructure.php:13)
[stacktrace]
#0 /home/1199381.cloudwaysapps.com/hzmfqvzptm/public_html/vendor/lcobucci/jwt/src/Parser.php(95): Lcobucci\\JWT\\Token\\InvalidTokenStructure::missingOrNotEnoughSeparators()
#1 /home/1199381.cloudwaysapps.com/hzmfqvzptm/public_html/vendor/lcobucci/jwt/src/Parser.php(58): Lcobucci\\JWT\\Parser->splitJwt()
#2 /home/1199381.cloudwaysapps.com/hzmfqvzptm/public_html/vendor/league/oauth2-server/src/AuthorizationValidators/BearerTokenValidator.php(109): Lcobucci\\JWT\\Parser->parse()
#3 /home/1199381.cloudwaysapps.com/hzmfqvzptm/public_html/vendor/league/oauth2-server/src/ResourceServer.php(84): League\\OAuth2\\Server\\AuthorizationValidators\\BearerTokenValidator->validateAuthorization()
#4 /home/1199381.cloudwaysapps.com/hzmfqvzptm/public_html/vendor/laravel/passport/src/Guards/TokenGuard.php(204): League\\OAuth2\\Server\\ResourceServer->validateAuthenticatedRequest()
#5 /home/1199381.cloudwaysapps.com/hzmfqvzptm/public_html/vendor/laravel/passport/src/Guards/TokenGuard.php(147): Laravel\\Passport\\Guards\\TokenGuard->getPsrRequestViaBearerToken()
#6 /home/1199381.cloudwaysapps.com/hzmfqvzptm/public_html/vendor/laravel/passport/src/Guards/TokenGuard.php(110): Laravel\\Passport\\Guards\\TokenGuard->authenticateViaBearerToken()
#7 /home/1199381.cloudwaysapps.com/hzmfqvzptm/public_html/vendor/laravel/passport/src/PassportServiceProvider.php(309): Laravel\\Passport\\Guards\\TokenGuard->user()
#8 [internal function]: Laravel\\Passport\\PassportServiceProvider->Laravel\\Passport\\{closure}()
#9 /home/1199381.cloudwaysapps.com/hzmfqvzptm/public_html/vendor/laravel/framework/src/Illuminate/Auth/RequestGuard.php(58): call_user_func()
#10 /home/1199381.cloudwaysapps.com/hzmfqvzptm/public_html/app/Models/Helpers/CommonHelper.php(1602): Illuminate\\Auth\\RequestGuard->user()
#11 /home/1199381.cloudwaysapps.com/hzmfqvzptm/public_html/app/Http/Controllers/Api/Customer/NestedCategoryController.php(128): App\\Http\\Controllers\\Api\\Customer\\NestedCategoryController->isProductExist()
#12 /home/1199381.cloudwaysapps.com/hzmfqvzptm/public_html/vendor/laravel/framework/src/Illuminate/Routing/Controller.php(54): App\\Http\\Controllers\\Api\\Customer\\NestedCategoryController->nested_categories()
#13 /home/1199381.cloudwaysapps.com/hzmfqvzptm/public_html/vendor/laravel/framework/src/Illuminate/Routing/ControllerDispatcher.php(45): Illuminate\\Routing\\Controller->callAction()
#14 /home/1199381.cloudwaysapps.com/hzmfqvzptm/public_html/vendor/laravel/framework/src/Illuminate/Routing/Route.php(262): Illuminate\\Routing\\ControllerDispatcher->dispatch()
#15 /home/1199381.cloudwaysapps.com/hzmfqvzptm/public_html/vendor/laravel/framework/src/Illuminate/Routing/Route.php(205): Illuminate\\Routing\\Route->runController()
#16 /home/1199381.cloudwaysapps.com/hzmfqvzptm/public_html/vendor/laravel/framework/src/Illuminate/Routing/Router.php(721): Illuminate\\Routing\\Route->run()
#17 /home/1199381.cloudwaysapps.com/hzmfqvzptm/public_html/vendor/laravel/framework/src/Illuminate/Pipeline/Pipeline.php(128): Illuminate\\Routing\\Router->Illuminate\\Routing\\{closure}()
#18 /home/1199381.cloudwaysapps.com/hzmfqvzptm/public_html/vendor/fruitcake/laravel-cors/src/HandleCors.php(52): Illuminate\\Pipeline\\Pipeline->Illuminate\\Pipeline\\{closure}()
#19 /home/1199381.cloudwaysapps.com/hzmfqvzptm/public_html/vendor/laravel/framework/src/Illuminate/Pipeline/Pipeline.php(167): Fruitcake\\Cors\\HandleCors->handle()
#20 /home/1199381.cloudwaysapps.com/hzmfqvzptm/public_html/vendor/laravel/framework/src/Illuminate/Routing/Middleware/SubstituteBindings.php(50): Illuminate\\Pipeline\\Pipeline->Illuminate\\Pipeline\\{closure}()
#21 /home/1199381.cloudwaysapps.com/hzmfqvzptm/public_html/vendor/laravel/framework/src/Illuminate/Pipeline/Pipeline.php(167): Illuminate\\Routing\\Middleware\\SubstituteBindings->handle()
#22 /home/1199381.cloudwaysapps.com/hzmfqvzptm/public_html/vendor/laravel/framework/src/Illuminate/Routing/Middleware/ThrottleRequests.php(127): Illuminate\\Pipeline\\Pipeline->Illuminate\\Pipeline\\{closure}()
#23 /home/1199381.cloudwaysapps.com/hzmfqvzptm/public_html/vendor/laravel/framework/src/Illuminate/Routing/Middleware/ThrottleRequests.php(103): Illuminate\\Routing\\Middleware\\ThrottleRequests->handleRequest()
#24 /home/1199381.cloudwaysapps.com/hzmfqvzptm/public_html/vendor/laravel/framework/src/Illuminate/Routing/Middleware/ThrottleRequests.php(55): Illuminate\\Routing\\Middleware\\ThrottleRequests->handleRequestUsingNamedLimiter()
#25 /home/1199381.cloudwaysapps.com/hzmfqvzptm/public_html/vendor/laravel/framework/src/Illuminate/Pipeline/Pipeline.php(167): Illuminate\\Routing\\Middleware\\ThrottleRequests->handle()
#26 /home/1199381.cloudwaysapps.com/hzmfqvzptm/public_html/vendor/laravel/framework/src/Illuminate/Pipeline/Pipeline.php(103): Illuminate\\Pipeline\\Pipeline->Illuminate\\Pipeline\\{closure}()
#27 /home/1199381.cloudwaysapps.com/hzmfqvzptm/public_html/vendor/laravel/framework/src/Illuminate/Routing/Router.php(723): Illuminate\\Pipeline\\Pipeline->then()
#28 /home/1199381.cloudwaysapps.com/hzmfqvzptm/public_html/vendor/laravel/framework/src/Illuminate/Routing/Router.php(698): Illuminate\\Routing\\Router->runRouteWithinStack()
#29 /home/1199381.cloudwaysapps.com/hzmfqvzptm/public_html/vendor/laravel/framework/src/Illuminate/Routing/Router.php(662): Illuminate\\Routing\\Router->runRoute()
#30 /home/1199381.cloudwaysapps.com/hzmfqvzptm/public_html/vendor/laravel/framework/src/Illuminate/Routing/Router.php(651): Illuminate\\Routing\\Router->dispatchToRoute()
#31 /home/1199381.cloudwaysapps.com/hzmfqvzptm/public_html/vendor/laravel/framework/src/Illuminate/Foundation/Http/Kernel.php(167): Illuminate\\Routing\\Router->dispatch()
#32 /home/1199381.cloudwaysapps.com/hzmfqvzptm/public_html/vendor/laravel/framework/src/Illuminate/Pipeline/Pipeline.php(128): Illuminate\\Foundation\\Http\\Kernel->Illuminate\\Foundation\\Http\\{closure}()
#33 /home/1199381.cloudwaysapps.com/hzmfqvzptm/public_html/vendor/laravel/framework/src/Illuminate/Foundation/Http/Middleware/TransformsRequest.php(21): Illuminate\\Pipeline\\Pipeline->Illuminate\\Pipeline\\{closure}()
#34 /home/1199381.cloudwaysapps.com/hzmfqvzptm/public_html/vendor/laravel/framework/src/Illuminate/Foundation/Http/Middleware/ConvertEmptyStringsToNull.php(31): Illuminate\\Foundation\\Http\\Middleware\\TransformsRequest->handle()
#35 /home/1199381.cloudwaysapps.com/hzmfqvzptm/public_html/vendor/laravel/framework/src/Illuminate/Pipeline/Pipeline.php(167): Illuminate\\Foundation\\Http\\Middleware\\ConvertEmptyStringsToNull->handle()
#36 /home/1199381.cloudwaysapps.com/hzmfqvzptm/public_html/vendor/laravel/framework/src/Illuminate/Foundation/Http/Middleware/TransformsRequest.php(21): Illuminate\\Pipeline\\Pipeline->Illuminate\\Pipeline\\{closure}()
#37 /home/1199381.cloudwaysapps.com/hzmfqvzptm/public_html/vendor/laravel/framework/src/Illuminate/Foundation/Http/Middleware/TrimStrings.php(40): Illuminate\\Foundation\\Http\\Middleware\\TransformsRequest->handle()
#38 /home/1199381.cloudwaysapps.com/hzmfqvzptm/public_html/vendor/laravel/framework/src/Illuminate/Pipeline/Pipeline.php(167): Illuminate\\Foundation\\Http\\Middleware\\TrimStrings->handle()
#39 /home/1199381.cloudwaysapps.com/hzmfqvzptm/public_html/vendor/laravel/framework/src/Illuminate/Foundation/Http/Middleware/ValidatePostSize.php(27): Illuminate\\Pipeline\\Pipeline->Illuminate\\Pipeline\\{closure}()
#40 /home/1199381.cloudwaysapps.com/hzmfqvzptm/public_html/vendor/laravel/framework/src/Illuminate/Pipeline/Pipeline.php(167): Illuminate\\Foundation\\Http\\Middleware\\ValidatePostSize->handle()
#41 /home/1199381.cloudwaysapps.com/hzmfqvzptm/public_html/vendor/laravel/framework/src/Illuminate/Foundation/Http/Middleware/PreventRequestsDuringMaintenance.php(86): Illuminate\\Pipeline\\Pipeline->Illuminate\\Pipeline\\{closure}()
#42 /home/1199381.cloudwaysapps.com/hzmfqvzptm/public_html/vendor/laravel/framework/src/Illuminate/Pipeline/Pipeline.php(167): Illuminate\\Foundation\\Http\\Middleware\\PreventRequestsDuringMaintenance->handle()
#43 /home/1199381.cloudwaysapps.com/hzmfqvzptm/public_html/vendor/fruitcake/laravel-cors/src/HandleCors.php(52): Illuminate\\Pipeline\\Pipeline->Illuminate\\Pipeline\\{closure}()
#44 /home/1199381.cloudwaysapps.com/hzmfqvzptm/public_html/vendor/laravel/framework/src/Illuminate/Pipeline/Pipeline.php(167): Fruitcake\\Cors\\HandleCors->handle()
#45 /home/1199381.cloudwaysapps.com/hzmfqvzptm/public_html/vendor/laravel/framework/src/Illuminate/Http/Middleware/TrustProxies.php(39): Illuminate\\Pipeline\\Pipeline->Illuminate\\Pipeline\\{closure}()
#46 /home/1199381.cloudwaysapps.com/hzmfqvzptm/public_html/vendor/laravel/framework/src/Illuminate/Pipeline/Pipeline.php(167): Illuminate\\Http\\Middleware\\TrustProxies->handle()
#47 /home/1199381.cloudwaysapps.com/hzmfqvzptm/public_html/vendor/laravel/framework/src/Illuminate/Pipeline/Pipeline.php(103): Illuminate\\Pipeline\\Pipeline->Illuminate\\Pipeline\\{closure}()
#48 /home/1199381.cloudwaysapps.com/hzmfqvzptm/public_html/vendor/laravel/framework/src/Illuminate/Foundation/Http/Kernel.php(142): Illuminate\\Pipeline\\Pipeline->then()
#49 /home/1199381.cloudwaysapps.com/hzmfqvzptm/public_html/vendor/laravel/framework/src/Illuminate/Foundation/Http/Kernel.php(111): Illuminate\\Foundation\\Http\\Kernel->sendRequestThroughRouter()
#50 /home/1199381.cloudwaysapps.com/hzmfqvzptm/public_html/public/index.php(52): Illuminate\\Foundation\\Http\\Kernel->handle()
#51 {main}
"} 
[2024-03-15 10:30:01] local.INFO: Under Process Order Cron Excecuted started  
[2024-03-15 10:30:01] local.INFO: Under Process Order Cron Excecuted Ended  
[2024-03-15 10:40:01] local.INFO: Under Process Order Cron Excecuted started  
[2024-03-15 10:40:01] local.INFO: Under Process Order Cron Excecuted Ended  
[2024-03-15 10:50:03] local.INFO: Under Process Order Cron Excecuted started  
[2024-03-15 10:50:03] local.INFO: Under Process Order Cron Excecuted Ended  
[2024-03-15 11:00:02] local.INFO: Under Process Order Cron Excecuted started  
[2024-03-15 11:00:02] local.INFO: Under Process Order Cron Excecuted Ended  
[2024-03-15 11:10:02] local.INFO: Under Process Order Cron Excecuted started  
[2024-03-15 11:10:02] local.INFO: Under Process Order Cron Excecuted Ended  
[2024-03-15 11:20:02] local.INFO: Under Process Order Cron Excecuted started  
[2024-03-15 11:20:02] local.INFO: Under Process Order Cron Excecuted Ended  
[2024-03-15 11:30:02] local.INFO: Under Process Order Cron Excecuted started  
[2024-03-15 11:30:02] local.INFO: Under Process Order Cron Excecuted Ended  
[2024-03-15 11:35:07] local.INFO: New Order created with Order Id. : 520 For User - 39  
[2024-03-15 11:40:02] local.INFO: Under Process Order Cron Excecuted started  
[2024-03-15 11:40:02] local.INFO: Under Process Order Cron Excecuted Ended  
[2024-03-15 11:42:44] local.INFO: New Order created with Order Id. : 521 For User - 53  
[2024-03-15 11:50:02] local.INFO: Under Process Order Cron Excecuted started  
[2024-03-15 11:50:02] local.INFO: Under Process Order Cron Excecuted Ended  
[2024-03-15 11:59:57] local.INFO: Notification result53-->{"multicast_id":8942049430389243890,"success":1,"failure":0,"canonical_ids":0,"results":[{"message_id":"0:1710484197782534%7600d8cd7600d8cd"}]}  
[2024-03-15 12:00:01] local.INFO: Under Process Order Cron Excecuted started  
[2024-03-15 12:00:01] local.INFO: Under Process Order Cron Excecuted Ended  
[2024-03-15 12:10:01] local.INFO: Under Process Order Cron Excecuted started  
[2024-03-15 12:10:01] local.INFO: Under Process Order Cron Excecuted Ended  
[2024-03-15 12:20:02] local.INFO: Under Process Order Cron Excecuted started  
[2024-03-15 12:20:02] local.INFO: Under Process Order Cron Excecuted Ended  
[2024-03-15 12:30:03] local.INFO: Under Process Order Cron Excecuted started  
[2024-03-15 12:30:03] local.INFO: Under Process Order Cron Excecuted Ended  
[2024-03-15 12:33:02] local.INFO: Notification result53-->{"multicast_id":4705991639655730126,"success":1,"failure":0,"canonical_ids":0,"results":[{"message_id":"0:1710486182611792%7600d8cd7600d8cd"}]}  
[2024-03-15 12:35:04] local.INFO: New Order created with Order Id. : 522 For User - 450  
[2024-03-15 12:36:39] local.INFO: Notification result450-->{"multicast_id":4343867930899567976,"success":0,"failure":1,"canonical_ids":0,"results":[{"error":"InvalidRegistration"}]}  
[2024-03-15 12:36:47] local.INFO: Notification result446-->{"multicast_id":8185130010556527174,"success":1,"failure":0,"canonical_ids":0,"results":[{"message_id":"0:1710486407292722%7600d8cd7600d8cd"}]}  
[2024-03-15 12:40:02] local.INFO: Under Process Order Cron Excecuted started  
[2024-03-15 12:40:02] local.INFO: Under Process Order Cron Excecuted Ended  
[2024-03-15 12:42:24] local.INFO: Notification result446-->{"multicast_id":2712903442967118260,"success":1,"failure":0,"canonical_ids":0,"results":[{"message_id":"0:1710486744925840%7600d8cd7600d8cd"}]}  
[2024-03-15 12:50:02] local.INFO: Under Process Order Cron Excecuted started  
[2024-03-15 12:50:02] local.INFO: Under Process Order Cron Excecuted Ended  
[2024-03-15 13:00:02] local.INFO: Under Process Order Cron Excecuted started  
[2024-03-15 13:00:02] local.INFO: Under Process Order Cron Excecuted Ended  
[2024-03-15 13:10:02] local.INFO: Under Process Order Cron Excecuted started  
[2024-03-15 13:10:02] local.INFO: Under Process Order Cron Excecuted Ended  
[2024-03-15 13:14:51] local.INFO: Notification result28-->{"multicast_id":3806728854032570963,"success":1,"failure":0,"canonical_ids":0,"results":[{"message_id":"0:1710488691439017%7600d8cd7600d8cd"}]}  
[2024-03-15 13:14:51] local.INFO: Notification result28-->{"multicast_id":2394736829489095322,"success":1,"failure":0,"canonical_ids":0,"results":[{"message_id":"0:1710488691795291%7600d8cd7600d8cd"}]}  
[2024-03-15 13:15:37] local.INFO: Notification result438-->{"multicast_id":5316282407306344372,"success":1,"failure":0,"canonical_ids":0,"results":[{"message_id":"0:1710488736991308%7600d8cd7600d8cd"}]}  
[2024-03-15 13:15:37] local.INFO: Notification result438-->{"multicast_id":7907890032451906724,"success":0,"failure":1,"canonical_ids":0,"results":[{"error":"NotRegistered"}]}  
[2024-03-15 13:16:24] local.INFO: Notification result121-->{"multicast_id":2596068318626816084,"success":1,"failure":0,"canonical_ids":0,"results":[{"message_id":"0:1710488784665716%7600d8cd7600d8cd"}]}  
[2024-03-15 13:16:24] local.INFO: Notification result121-->{"multicast_id":539818694930844873,"success":1,"failure":0,"canonical_ids":0,"results":[{"message_id":"0:1710488784912948%7600d8cd7600d8cd"}]}  
[2024-03-15 13:16:25] local.INFO: Notification result121-->{"multicast_id":7594184190555259451,"success":1,"failure":0,"canonical_ids":0,"results":[{"message_id":"0:1710488785109396%7600d8cd7600d8cd"}]}  
[2024-03-15 13:16:25] local.INFO: Notification result121-->{"multicast_id":5357585686343979773,"success":0,"failure":1,"canonical_ids":0,"results":[{"error":"NotRegistered"}]}  
[2024-03-15 13:16:26] local.INFO: Notification result121-->{"multicast_id":2117225746401358065,"success":0,"failure":1,"canonical_ids":0,"results":[{"error":"NotRegistered"}]}  
[2024-03-15 13:20:02] local.INFO: Under Process Order Cron Excecuted started  
[2024-03-15 13:20:02] local.INFO: Under Process Order Cron Excecuted Ended  
[2024-03-15 13:28:05] local.INFO: New Order created with Order Id. : 523 For User - 343  
[2024-03-15 13:30:02] local.INFO: Under Process Order Cron Excecuted started  
[2024-03-15 13:30:02] local.INFO: Under Process Order Cron Excecuted Ended  
[2024-03-15 13:40:02] local.INFO: Under Process Order Cron Excecuted started  
[2024-03-15 13:40:02] local.INFO: Under Process Order Cron Excecuted Ended  
[2024-03-15 13:50:02] local.INFO: Under Process Order Cron Excecuted started  
[2024-03-15 13:50:02] local.INFO: Under Process Order Cron Excecuted Ended  
[2024-03-15 13:50:02] local.INFO: Notification result232-->{"multicast_id":4521912122578013698,"success":1,"failure":0,"canonical_ids":0,"results":[{"message_id":"0:1710490802497112%7600d8cd7600d8cd"}]}  
[2024-03-15 13:51:01] local.INFO: Notification result35-->{"multicast_id":6601505523133258229,"success":1,"failure":0,"canonical_ids":0,"results":[{"message_id":"0:1710490861356968%7600d8cd7600d8cd"}]}  
[2024-03-15 13:52:00] local.INFO: Notification result446-->{"multicast_id":8063835509924416300,"success":1,"failure":0,"canonical_ids":0,"results":[{"message_id":"0:1710490920929117%7600d8cd7600d8cd"}]}  
[2024-03-15 13:52:54] local.INFO: New Order created with Order Id. : 524 For User - 56  
[2024-03-15 13:53:20] local.INFO: Notification result182-->{"multicast_id":8317862201048643535,"success":1,"failure":0,"canonical_ids":0,"results":[{"message_id":"0:1710491000631941%7600d8cd7600d8cd"}]}  
[2024-03-15 13:54:12] local.INFO: Notification result207-->{"multicast_id":4188714564704174578,"success":1,"failure":0,"canonical_ids":0,"results":[{"message_id":"0:1710491051949077%7600d8cd7600d8cd"}]}  
[2024-03-15 13:56:44] local.INFO: Notification result343-->{"multicast_id":4171773793914949890,"success":0,"failure":1,"canonical_ids":0,"results":[{"error":"InvalidRegistration"}]}  
[2024-03-15 13:56:45] local.INFO: Notification result343-->{"multicast_id":3219710550402275182,"success":0,"failure":1,"canonical_ids":0,"results":[{"error":"NotRegistered"}]}  
[2024-03-15 13:56:45] local.INFO: Notification result343-->{"multicast_id":5311002268878091228,"success":0,"failure":1,"canonical_ids":0,"results":[{"error":"NotRegistered"}]}  
[2024-03-15 13:56:46] local.INFO: Notification result343-->{"multicast_id":4635409878234051518,"success":0,"failure":1,"canonical_ids":0,"results":[{"error":"NotRegistered"}]}  
[2024-03-15 13:56:46] local.INFO: Notification result343-->{"multicast_id":4351123413934630067,"success":0,"failure":1,"canonical_ids":0,"results":[{"error":"NotRegistered"}]}  
[2024-03-15 13:56:46] local.INFO: Notification result343-->{"multicast_id":2227236065823147213,"success":1,"failure":0,"canonical_ids":0,"results":[{"message_id":"0:1710491206639970%7600d8cd7600d8cd"}]}  
[2024-03-15 14:00:02] local.INFO: Under Process Order Cron Excecuted started  
[2024-03-15 14:00:02] local.INFO: Under Process Order Cron Excecuted Ended  
[2024-03-15 14:04:03] local.INFO: Notification result168-->{"multicast_id":2832234981638456429,"success":1,"failure":0,"canonical_ids":0,"results":[{"message_id":"0:1710491643823670%7600d8cd7600d8cd"}]}  
[2024-03-15 14:07:11] local.INFO: Notification result401-->{"multicast_id":3209601602966943693,"success":1,"failure":0,"canonical_ids":0,"results":[{"message_id":"0:1710491831204859%7600d8cd7600d8cd"}]}  
[2024-03-15 14:10:01] local.INFO: Under Process Order Cron Excecuted started  
[2024-03-15 14:10:01] local.INFO: Under Process Order Cron Excecuted Ended  
[2024-03-15 14:20:02] local.INFO: Under Process Order Cron Excecuted started  
[2024-03-15 14:20:02] local.INFO: Under Process Order Cron Excecuted Ended  
[2024-03-15 14:26:44] local.INFO: Notification result307-->{"multicast_id":2455407006330798290,"success":1,"failure":0,"canonical_ids":0,"results":[{"message_id":"0:1710493004357514%7600d8cd7600d8cd"}]}  
[2024-03-15 14:30:02] local.INFO: Under Process Order Cron Excecuted started  
[2024-03-15 14:30:02] local.INFO: Under Process Order Cron Excecuted Ended  
[2024-03-15 14:33:41] local.INFO: New Order created with Order Id. : 525 For User - 248  
[2024-03-15 14:40:02] local.INFO: Under Process Order Cron Excecuted started  
[2024-03-15 14:40:02] local.INFO: Under Process Order Cron Excecuted Ended  
[2024-03-15 14:43:57] local.INFO: New Order created with Order Id. : 526 For User - 440  
[2024-03-15 14:47:52] local.INFO: New Order created with Order Id. : 527 For User - 168  
[2024-03-15 14:50:01] local.INFO: Under Process Order Cron Excecuted started  
[2024-03-15 14:50:01] local.INFO: Under Process Order Cron Excecuted Ended  
[2024-03-15 14:50:31] local.INFO: Notification result440-->{"multicast_id":2521211378167792694,"success":1,"failure":0,"canonical_ids":0,"results":[{"message_id":"0:1710494431400634%7600d8cd7600d8cd"}]}  
[2024-03-15 14:53:28] local.INFO: Notification result168-->{"multicast_id":8978529318697473622,"success":1,"failure":0,"canonical_ids":0,"results":[{"message_id":"0:1710494608870531%7600d8cd7600d8cd"}]}  
[2024-03-15 15:00:01] local.INFO: Under Process Order Cron Excecuted started  
[2024-03-15 15:00:01] local.INFO: Under Process Order Cron Excecuted Ended  
[2024-03-15 15:06:41] local.INFO: Notification result49-->{"multicast_id":5805849428203396043,"success":1,"failure":0,"canonical_ids":0,"results":[{"message_id":"0:1710495401125990%7600d8cd7600d8cd"}]}  
[2024-03-15 15:10:01] local.INFO: Under Process Order Cron Excecuted started  
[2024-03-15 15:10:01] local.INFO: Under Process Order Cron Excecuted Ended  
[2024-03-15 15:20:01] local.INFO: Under Process Order Cron Excecuted started  
[2024-03-15 15:20:01] local.INFO: Under Process Order Cron Excecuted Ended  
[2024-03-15 15:30:02] local.INFO: Under Process Order Cron Excecuted started  
[2024-03-15 15:30:02] local.INFO: Under Process Order Cron Excecuted Ended  
[2024-03-15 15:40:02] local.INFO: Under Process Order Cron Excecuted started  
[2024-03-15 15:40:02] local.INFO: Under Process Order Cron Excecuted Ended  
[2024-03-15 15:44:14] local.INFO: Notification result446-->{"multicast_id":2427472973305973240,"success":1,"failure":0,"canonical_ids":0,"results":[{"message_id":"0:1710497654280554%7600d8cd7600d8cd"}]}  
[2024-03-15 15:50:02] local.INFO: Under Process Order Cron Excecuted started  
[2024-03-15 15:50:02] local.INFO: Under Process Order Cron Excecuted Ended  
[2024-03-15 16:00:03] local.INFO: Under Process Order Cron Excecuted started  
[2024-03-15 16:00:03] local.INFO: Under Process Order Cron Excecuted Ended  
[2024-03-15 16:10:02] local.INFO: Under Process Order Cron Excecuted started  
[2024-03-15 16:10:02] local.INFO: Under Process Order Cron Excecuted Ended  
[2024-03-15 16:16:13] local.INFO: New Order created with Order Id. : 528 For User - 428  
[2024-03-15 16:20:02] local.INFO: Under Process Order Cron Excecuted started  
[2024-03-15 16:20:02] local.INFO: Under Process Order Cron Excecuted Ended  
[2024-03-15 16:26:24] local.INFO: Notification result343-->{"multicast_id":7085313396235573224,"success":0,"failure":1,"canonical_ids":0,"results":[{"error":"InvalidRegistration"}]}  
[2024-03-15 16:26:24] local.INFO: Notification result343-->{"multicast_id":6677951133848267487,"success":0,"failure":1,"canonical_ids":0,"results":[{"error":"NotRegistered"}]}  
[2024-03-15 16:26:24] local.INFO: Notification result343-->{"multicast_id":8507556230776726444,"success":0,"failure":1,"canonical_ids":0,"results":[{"error":"NotRegistered"}]}  
[2024-03-15 16:26:25] local.INFO: Notification result343-->{"multicast_id":2557890322542507649,"success":0,"failure":1,"canonical_ids":0,"results":[{"error":"NotRegistered"}]}  
[2024-03-15 16:26:25] local.INFO: Notification result343-->{"multicast_id":3257756619594051999,"success":0,"failure":1,"canonical_ids":0,"results":[{"error":"NotRegistered"}]}  
[2024-03-15 16:26:26] local.INFO: Notification result343-->{"multicast_id":6207047508077057709,"success":1,"failure":0,"canonical_ids":0,"results":[{"message_id":"0:1710500186098338%7600d8cd7600d8cd"}]}  
[2024-03-15 16:30:01] local.INFO: Under Process Order Cron Excecuted started  
[2024-03-15 16:30:02] local.INFO: Under Process Order Cron Excecuted Ended  
[2024-03-15 16:30:04] local.INFO: Notification result343-->{"multicast_id":4685371523507983452,"success":0,"failure":1,"canonical_ids":0,"results":[{"error":"InvalidRegistration"}]}  
[2024-03-15 16:30:04] local.INFO: Notification result343-->{"multicast_id":1896054184500814969,"success":0,"failure":1,"canonical_ids":0,"results":[{"error":"NotRegistered"}]}  
[2024-03-15 16:30:05] local.INFO: Notification result343-->{"multicast_id":6709691780074603901,"success":0,"failure":1,"canonical_ids":0,"results":[{"error":"NotRegistered"}]}  
[2024-03-15 16:30:05] local.INFO: Notification result343-->{"multicast_id":4293989785344125912,"success":0,"failure":1,"canonical_ids":0,"results":[{"error":"NotRegistered"}]}  
[2024-03-15 16:30:06] local.INFO: Notification result343-->{"multicast_id":1130606588693095298,"success":0,"failure":1,"canonical_ids":0,"results":[{"error":"NotRegistered"}]}  
[2024-03-15 16:30:06] local.INFO: Notification result343-->{"multicast_id":7682308854052377905,"success":1,"failure":0,"canonical_ids":0,"results":[{"message_id":"0:1710500406394603%7600d8cd7600d8cd"}]}  
[2024-03-15 16:40:02] local.INFO: Under Process Order Cron Excecuted started  
[2024-03-15 16:40:02] local.INFO: Under Process Order Cron Excecuted Ended  
[2024-03-15 16:48:57] local.INFO: New Order created with Order Id. : 529 For User - 168  
[2024-03-15 16:50:02] local.INFO: Under Process Order Cron Excecuted started  
[2024-03-15 16:50:02] local.INFO: Under Process Order Cron Excecuted Ended  
[2024-03-15 16:55:52] local.INFO: Notification result401-->{"multicast_id":7154266466359490942,"success":1,"failure":0,"canonical_ids":0,"results":[{"message_id":"0:1710501952612713%7600d8cd7600d8cd"}]}  
[2024-03-15 17:00:02] local.INFO: Under Process Order Cron Excecuted started  
[2024-03-15 17:00:02] local.INFO: Under Process Order Cron Excecuted Ended  
[2024-03-15 17:05:12] local.INFO: New Order created with Order Id. : 530 For User - 207  
[2024-03-15 17:05:13] local.INFO: New Order created with Order Id. : 531 For User - 267  
[2024-03-15 17:05:24] local.INFO: New Order created with Order Id. : 532 For User - 312  
[2024-03-15 17:06:10] local.INFO: Notification result207-->{"multicast_id":4585720365144132228,"success":1,"failure":0,"canonical_ids":0,"results":[{"message_id":"0:1710502570247486%7600d8cd7600d8cd"}]}  
[2024-03-15 17:10:02] local.INFO: Under Process Order Cron Excecuted started  
[2024-03-15 17:10:02] local.INFO: Under Process Order Cron Excecuted Ended  
[2024-03-15 17:20:02] local.INFO: Under Process Order Cron Excecuted started  
[2024-03-15 17:20:02] local.INFO: Under Process Order Cron Excecuted Ended  
[2024-03-15 17:22:06] local.INFO: Notification result168-->{"multicast_id":5283047459788307312,"success":1,"failure":0,"canonical_ids":0,"results":[{"message_id":"0:1710503526414633%7600d8cd7600d8cd"}]}  
[2024-03-15 17:23:32] local.INFO: Notification result168-->{"multicast_id":5543725755143906561,"success":1,"failure":0,"canonical_ids":0,"results":[{"message_id":"0:1710503612129714%7600d8cd7600d8cd"}]}  
[2024-03-15 17:26:28] local.INFO: Notification result410-->{"multicast_id":5464489511193709126,"success":1,"failure":0,"canonical_ids":0,"results":[{"message_id":"0:1710503788620464%7600d8cd7600d8cd"}]}  
[2024-03-15 17:29:02] local.INFO: New Order created with Order Id. : 533 For User - 431  
[2024-03-15 17:30:02] local.INFO: Under Process Order Cron Excecuted started  
[2024-03-15 17:30:02] local.INFO: Under Process Order Cron Excecuted Ended  
[2024-03-15 17:30:23] local.INFO: New Order created with Order Id. : 534 For User - 28  
[2024-03-15 17:31:46] local.INFO: Notification result28-->{"multicast_id":2883036015294634419,"success":1,"failure":0,"canonical_ids":0,"results":[{"message_id":"0:1710504106846831%7600d8cd7600d8cd"}]}  
[2024-03-15 17:31:48] local.INFO: Notification result28-->{"multicast_id":4208285905737444982,"success":1,"failure":0,"canonical_ids":0,"results":[{"message_id":"0:1710504108351882%7600d8cd7600d8cd"}]}  
[2024-03-15 17:35:47] local.INFO: Notification result431-->{"multicast_id":8527997533484515866,"success":1,"failure":0,"canonical_ids":0,"results":[{"message_id":"0:1710504347558702%7600d8cd7600d8cd"}]}  
[2024-03-15 17:38:21] local.INFO: New Order created with Order Id. : 535 For User - 438  
[2024-03-15 17:38:30] local.INFO: Notification result438-->{"multicast_id":8180632168219192817,"success":1,"failure":0,"canonical_ids":0,"results":[{"message_id":"0:1710504510907323%7600d8cd7600d8cd"}]}  
[2024-03-15 17:40:02] local.INFO: Under Process Order Cron Excecuted started  
[2024-03-15 17:40:02] local.INFO: Under Process Order Cron Excecuted Ended  
[2024-03-15 17:46:30] local.INFO: Notification result431-->{"multicast_id":4959249697690952223,"success":1,"failure":0,"canonical_ids":0,"results":[{"message_id":"0:1710504990576767%7600d8cd7600d8cd"}]}  
[2024-03-15 17:47:20] local.INFO: Notification result28-->{"multicast_id":8415493088026881654,"success":1,"failure":0,"canonical_ids":0,"results":[{"message_id":"0:1710505040090965%7600d8cd7600d8cd"}]}  
[2024-03-15 17:47:20] local.INFO: Notification result28-->{"multicast_id":7017208159155039140,"success":1,"failure":0,"canonical_ids":0,"results":[{"message_id":"0:1710505040426693%7600d8cd7600d8cd"}]}  
[2024-03-15 17:48:57] local.INFO: Notification result438-->{"multicast_id":1341915167112806851,"success":1,"failure":0,"canonical_ids":0,"results":[{"message_id":"0:1710505137817762%7600d8cd7600d8cd"}]}  
[2024-03-15 17:50:02] local.INFO: Under Process Order Cron Excecuted started  
[2024-03-15 17:50:02] local.INFO: Under Process Order Cron Excecuted Ended  
[2024-03-15 18:00:01] local.INFO: Under Process Order Cron Excecuted started  
[2024-03-15 18:00:01] local.INFO: Under Process Order Cron Excecuted Ended  
[2024-03-15 18:03:52] local.INFO: New Order created with Order Id. : 536 For User - 453  
[2024-03-15 18:10:01] local.INFO: Under Process Order Cron Excecuted started  
[2024-03-15 18:10:01] local.INFO: Under Process Order Cron Excecuted Ended  
[2024-03-15 18:10:16] local.INFO: Notification result453-->{"multicast_id":3739310171456377695,"success":1,"failure":0,"canonical_ids":0,"results":[{"message_id":"0:1710506416790713%7600d8cd7600d8cd"}]}  
[2024-03-15 18:14:00] local.INFO: New Order created with Order Id. : 537 For User - 53  
[2024-03-15 18:16:07] local.INFO: New Order created with Order Id. : 538 For User - 254  
[2024-03-15 18:16:22] local.INFO: Notification result53-->{"multicast_id":3271758814716000463,"success":1,"failure":0,"canonical_ids":0,"results":[{"message_id":"0:1710506782575721%7600d8cd7600d8cd"}]}  
[2024-03-15 18:16:26] local.INFO: Notification result254-->{"multicast_id":710927300716849701,"success":1,"failure":0,"canonical_ids":0,"results":[{"message_id":"0:1710506786404317%7600d8cd7600d8cd"}]}  
[2024-03-15 18:18:37] local.INFO: New Order created with Order Id. : 539 For User - 121  
[2024-03-15 18:19:19] local.INFO: Notification result121-->{"multicast_id":8287545860188446007,"success":1,"failure":0,"canonical_ids":0,"results":[{"message_id":"0:1710506959434359%7600d8cd7600d8cd"}]}  
[2024-03-15 18:19:19] local.INFO: Notification result121-->{"multicast_id":5036959052971260645,"success":1,"failure":0,"canonical_ids":0,"results":[{"message_id":"0:1710506959675205%7600d8cd7600d8cd"}]}  
[2024-03-15 18:19:20] local.INFO: Notification result121-->{"multicast_id":2109600548812746193,"success":1,"failure":0,"canonical_ids":0,"results":[{"message_id":"0:1710506960029988%7600d8cd7600d8cd"}]}  
[2024-03-15 18:19:20] local.INFO: Notification result121-->{"multicast_id":4020200669575625807,"success":0,"failure":1,"canonical_ids":0,"results":[{"error":"NotRegistered"}]}  
[2024-03-15 18:19:20] local.INFO: Notification result121-->{"multicast_id":8568434000868892432,"success":0,"failure":1,"canonical_ids":0,"results":[{"error":"NotRegistered"}]}  
[2024-03-15 18:20:02] local.INFO: Under Process Order Cron Excecuted started  
[2024-03-15 18:20:02] local.INFO: Under Process Order Cron Excecuted Ended  
[2024-03-15 18:20:09] local.INFO: New Order created with Order Id. : 540 For User - 319  
[2024-03-15 18:24:44] local.INFO: Notification result437-->{"multicast_id":4796674994146141212,"success":1,"failure":0,"canonical_ids":0,"results":[{"message_id":"0:1710507284638656%7600d8cd7600d8cd"}]}  
[2024-03-15 18:30:02] local.INFO: Under Process Order Cron Excecuted started  
[2024-03-15 18:30:02] local.INFO: Under Process Order Cron Excecuted Ended  
[2024-03-15 18:32:08] local.INFO: Notification result83-->{"multicast_id":1925866095958477350,"success":1,"failure":0,"canonical_ids":0,"results":[{"message_id":"0:1710507728129085%7600d8cd7600d8cd"}]}  
[2024-03-15 18:33:58] local.INFO: New Order created with Order Id. : 541 For User - 307  
[2024-03-15 18:37:15] local.INFO: Notification result307-->{"multicast_id":384304811774207007,"success":1,"failure":0,"canonical_ids":0,"results":[{"message_id":"0:1710508035791624%7600d8cd7600d8cd"}]}  
[2024-03-15 18:39:58] local.INFO: Notification result121-->{"multicast_id":623981911575901643,"success":1,"failure":0,"canonical_ids":0,"results":[{"message_id":"0:1710508198059299%7600d8cd7600d8cd"}]}  
[2024-03-15 18:39:58] local.INFO: Notification result121-->{"multicast_id":7985406941318102269,"success":1,"failure":0,"canonical_ids":0,"results":[{"message_id":"0:1710508198898219%7600d8cd7600d8cd"}]}  
[2024-03-15 18:39:59] local.INFO: Notification result121-->{"multicast_id":2686190958799284162,"success":1,"failure":0,"canonical_ids":0,"results":[{"message_id":"0:1710508199569135%7600d8cd7600d8cd"}]}  
[2024-03-15 18:39:59] local.INFO: Notification result121-->{"multicast_id":7503722774480585921,"success":0,"failure":1,"canonical_ids":0,"results":[{"error":"NotRegistered"}]}  
[2024-03-15 18:40:00] local.INFO: Notification result121-->{"multicast_id":2541947836382450169,"success":0,"failure":1,"canonical_ids":0,"results":[{"error":"NotRegistered"}]}  
[2024-03-15 18:40:01] local.INFO: Under Process Order Cron Excecuted started  
[2024-03-15 18:40:01] local.INFO: Under Process Order Cron Excecuted Ended  
[2024-03-15 18:41:12] local.INFO: Notification result254-->{"multicast_id":6316224927704479436,"success":1,"failure":0,"canonical_ids":0,"results":[{"message_id":"0:1710508272535773%7600d8cd7600d8cd"}]}  
[2024-03-15 18:44:26] local.INFO: Notification result53-->{"multicast_id":603033665077019859,"success":1,"failure":0,"canonical_ids":0,"results":[{"message_id":"0:1710508466755006%7600d8cd7600d8cd"}]}  
[2024-03-15 18:50:01] local.INFO: Under Process Order Cron Excecuted started  
[2024-03-15 18:50:01] local.INFO: Under Process Order Cron Excecuted Ended  
[2024-03-15 19:00:02] local.INFO: Under Process Order Cron Excecuted started  
[2024-03-15 19:00:02] local.INFO: Under Process Order Cron Excecuted Ended  
[2024-03-15 19:02:50] local.INFO: Notification result431-->{"multicast_id":5581379048698730133,"success":1,"failure":0,"canonical_ids":0,"results":[{"message_id":"0:1710509570207900%7600d8cd7600d8cd"}]}  
[2024-03-15 19:04:30] local.INFO: Notification result121-->{"multicast_id":2313917177518849901,"success":1,"failure":0,"canonical_ids":0,"results":[{"message_id":"0:1710509670789323%7600d8cd7600d8cd"}]}  
[2024-03-15 19:04:33] local.INFO: Notification result121-->{"multicast_id":7709426333202404629,"success":1,"failure":0,"canonical_ids":0,"results":[{"message_id":"0:1710509672854069%7600d8cd7600d8cd"}]}  
[2024-03-15 19:04:35] local.INFO: Notification result121-->{"multicast_id":7846541813346322555,"success":1,"failure":0,"canonical_ids":0,"results":[{"message_id":"0:1710509675211490%7600d8cd7600d8cd"}]}  
[2024-03-15 19:04:36] local.INFO: Notification result121-->{"multicast_id":4210247146216163672,"success":0,"failure":1,"canonical_ids":0,"results":[{"error":"NotRegistered"}]}  
[2024-03-15 19:04:38] local.INFO: Notification result121-->{"multicast_id":5840317770525708515,"success":0,"failure":1,"canonical_ids":0,"results":[{"error":"NotRegistered"}]}  
[2024-03-15 19:05:10] local.INFO: Notification result254-->{"multicast_id":2786288867374790672,"success":1,"failure":0,"canonical_ids":0,"results":[{"message_id":"0:1710509710482839%7600d8cd7600d8cd"}]}  
[2024-03-15 19:10:02] local.INFO: Under Process Order Cron Excecuted started  
[2024-03-15 19:10:02] local.INFO: Under Process Order Cron Excecuted Ended  
[2024-03-15 19:18:02] local.INFO: Notification result207-->{"multicast_id":5823294129905709958,"success":1,"failure":0,"canonical_ids":0,"results":[{"message_id":"0:1710510482780808%7600d8cd7600d8cd"}]}  
[2024-03-15 19:20:02] local.INFO: Under Process Order Cron Excecuted started  
[2024-03-15 19:20:02] local.INFO: Under Process Order Cron Excecuted Ended  
[2024-03-15 19:30:02] local.INFO: Under Process Order Cron Excecuted started  
[2024-03-15 19:30:02] local.INFO: Under Process Order Cron Excecuted Ended  
[2024-03-15 19:34:25] local.INFO: New Order created with Order Id. : 542 For User - 401  
[2024-03-15 19:40:02] local.INFO: Under Process Order Cron Excecuted started  
[2024-03-15 19:40:02] local.INFO: Under Process Order Cron Excecuted Ended  
[2024-03-15 19:40:35] local.INFO: Notification result49-->{"multicast_id":9161041723501901637,"success":1,"failure":0,"canonical_ids":0,"results":[{"message_id":"0:1710511835104258%7600d8cd7600d8cd"}]}  
[2024-03-15 19:40:39] local.INFO: Notification result401-->{"multicast_id":3135920289482199325,"success":1,"failure":0,"canonical_ids":0,"results":[{"message_id":"0:1710511838874751%7600d8cd7600d8cd"}]}  
[2024-03-15 19:41:55] local.INFO: Notification result455-->{"multicast_id":2943280312009577607,"success":0,"failure":1,"canonical_ids":0,"results":[{"error":"InvalidRegistration"}]}  
[2024-03-15 19:50:02] local.INFO: Under Process Order Cron Excecuted started  
[2024-03-15 19:50:02] local.INFO: Under Process Order Cron Excecuted Ended  
[2024-03-15 19:50:39] local.INFO: Notification result401-->{"multicast_id":5653583585977004392,"success":1,"failure":0,"canonical_ids":0,"results":[{"message_id":"0:1710512439748580%7600d8cd7600d8cd"}]}  
[2024-03-15 20:00:02] local.INFO: Under Process Order Cron Excecuted started  
[2024-03-15 20:00:02] local.INFO: Under Process Order Cron Excecuted Ended  
[2024-03-15 20:01:13] local.INFO: Notification result455-->{"multicast_id":1474045423892995061,"success":1,"failure":0,"canonical_ids":0,"results":[{"message_id":"0:1710513073579134%7600d8cd7600d8cd"}]}  
[2024-03-15 20:01:14] local.INFO: Notification result455-->{"multicast_id":6869488262873857274,"success":0,"failure":1,"canonical_ids":0,"results":[{"error":"InvalidRegistration"}]}  
[2024-03-15 20:01:30] local.INFO: New Order created with Order Id. : 543 For User - 28  
[2024-03-15 20:02:17] local.INFO: Notification result453-->{"multicast_id":8814163633385613802,"success":1,"failure":0,"canonical_ids":0,"results":[{"message_id":"0:1710513137790132%7600d8cd7600d8cd"}]}  
[2024-03-15 20:07:56] local.INFO: Notification result28-->{"multicast_id":4116066423745555848,"success":1,"failure":0,"canonical_ids":0,"results":[{"message_id":"0:1710513476901880%7600d8cd7600d8cd"}]}  
[2024-03-15 20:07:57] local.INFO: Notification result28-->{"multicast_id":618881859882348575,"success":1,"failure":0,"canonical_ids":0,"results":[{"message_id":"0:1710513477415027%7600d8cd7600d8cd"}]}  
[2024-03-15 20:08:18] local.INFO: Notification result450-->{"multicast_id":8864940808179479103,"success":0,"failure":1,"canonical_ids":0,"results":[{"error":"InvalidRegistration"}]}  
[2024-03-15 20:09:56] local.INFO: Notification result450-->{"multicast_id":8489638595621704212,"success":0,"failure":1,"canonical_ids":0,"results":[{"error":"InvalidRegistration"}]}  
[2024-03-15 20:10:01] local.INFO: Under Process Order Cron Excecuted started  
[2024-03-15 20:10:01] local.INFO: Under Process Order Cron Excecuted Ended  
[2024-03-15 20:20:02] local.INFO: Under Process Order Cron Excecuted started  
[2024-03-15 20:20:02] local.INFO: Under Process Order Cron Excecuted Ended  
[2024-03-15 20:24:09] local.INFO: New Order created with Order Id. : 544 For User - 450  
[2024-03-15 20:30:01] local.INFO: Under Process Order Cron Excecuted started  
[2024-03-15 20:30:01] local.INFO: Under Process Order Cron Excecuted Ended  
[2024-03-15 20:40:01] local.INFO: Under Process Order Cron Excecuted started  
[2024-03-15 20:40:01] local.INFO: Under Process Order Cron Excecuted Ended  
[2024-03-15 20:50:02] local.INFO: Under Process Order Cron Excecuted started  
[2024-03-15 20:50:02] local.INFO: Under Process Order Cron Excecuted Ended  
[2024-03-15 21:00:02] local.INFO: Under Process Order Cron Excecuted started  
[2024-03-15 21:00:02] local.INFO: Under Process Order Cron Excecuted Ended  
[2024-03-15 21:10:02] local.INFO: Under Process Order Cron Excecuted started  
[2024-03-15 21:10:02] local.INFO: Under Process Order Cron Excecuted Ended  
[2024-03-15 21:20:01] local.INFO: Under Process Order Cron Excecuted started  
[2024-03-15 21:20:01] local.INFO: Under Process Order Cron Excecuted Ended  
[2024-03-15 21:30:01] local.INFO: Under Process Order Cron Excecuted started  
[2024-03-15 21:30:01] local.INFO: Under Process Order Cron Excecuted Ended  
[2024-03-15 21:39:42] local.INFO: New Order created with Order Id. : 545 For User - 225  
[2024-03-15 21:40:01] local.INFO: Under Process Order Cron Excecuted started  
[2024-03-15 21:40:01] local.INFO: Under Process Order Cron Excecuted Ended  
[2024-03-15 21:50:02] local.INFO: Under Process Order Cron Excecuted started  
[2024-03-15 21:50:02] local.INFO: Under Process Order Cron Excecuted Ended  
[2024-03-15 22:00:02] local.INFO: Under Process Order Cron Excecuted started  
[2024-03-15 22:00:02] local.INFO: Under Process Order Cron Excecuted Ended  
[2024-03-15 22:10:01] local.INFO: Under Process Order Cron Excecuted started  
[2024-03-15 22:10:01] local.INFO: Under Process Order Cron Excecuted Ended  
[2024-03-15 22:20:01] local.INFO: Under Process Order Cron Excecuted started  
[2024-03-15 22:20:01] local.INFO: Under Process Order Cron Excecuted Ended  
[2024-03-15 22:30:01] local.INFO: Under Process Order Cron Excecuted started  
[2024-03-15 22:30:01] local.INFO: Under Process Order Cron Excecuted Ended  
[2024-03-15 22:40:02] local.INFO: Under Process Order Cron Excecuted started  
[2024-03-15 22:40:02] local.INFO: Under Process Order Cron Excecuted Ended  
[2024-03-15 22:42:32] local.INFO: Notification result390-->{"multicast_id":987910666044431129,"success":1,"failure":0,"canonical_ids":0,"results":[{"message_id":"0:1710522752173668%7600d8cd7600d8cd"}]}  
[2024-03-15 22:50:02] local.INFO: Under Process Order Cron Excecuted started  
[2024-03-15 22:50:02] local.INFO: Under Process Order Cron Excecuted Ended  
[2024-03-15 23:00:02] local.INFO: Under Process Order Cron Excecuted started  
[2024-03-15 23:00:02] local.INFO: Under Process Order Cron Excecuted Ended  
[2024-03-15 23:10:02] local.INFO: Under Process Order Cron Excecuted started  
[2024-03-15 23:10:02] local.INFO: Under Process Order Cron Excecuted Ended  
[2024-03-15 23:20:01] local.INFO: Under Process Order Cron Excecuted started  
[2024-03-15 23:20:02] local.INFO: Under Process Order Cron Excecuted Ended  
[2024-03-15 23:30:01] local.INFO: Under Process Order Cron Excecuted started  
[2024-03-15 23:30:01] local.INFO: Under Process Order Cron Excecuted Ended  
[2024-03-15 23:40:02] local.INFO: Under Process Order Cron Excecuted started  
[2024-03-15 23:40:02] local.INFO: Under Process Order Cron Excecuted Ended  
[2024-03-15 23:50:02] local.INFO: Under Process Order Cron Excecuted started  
[2024-03-15 23:50:02] local.INFO: Under Process Order Cron Excecuted Ended  
